\# Program start time:     UTC 2022.11.20 22:45:11.074
\# Local time: PST (UTC-08:00) 2022.11.20 14:45:11.074
\o Program:		@(#)$CDS: virtuoso version 6.1.8-64b 03/13/2021 15:49 (cpgsrv07) $
\o Hierarchy:		/home/lab.apps/vlsiapps_new/virtuoso/IC618/tools.lnx86/dfII/
\o Sub version:		sub-version  IC6.1.8-64b.500.17  (64-bit addresses)
\# Command line:	/home/lab.apps/vlsiapps_new/virtuoso/current/tools/dfII/bin/64bit/virtuoso
\# Host name (type):	linux-lab-054.ece.uw.edu (x86_64)
\# Operating system:	Linux 3.10.0-1160.76.1.el7.x86_64 #1 SMP Wed Aug 10 16:21:17 UTC 2022
\# Linux /etc/issue:	\S
\# Linux /etc/issue:	Kernel \r on an \m
\# X display name (WxH):	:3.0 (1920x1080)
\# Available geometry:			TL(0:31) BR(1919:1030)
\# X server:			The X.Org Foundation
\# Depth of Visual (Root):	24 (24)
\# Number of Planes Used:	24
\# X version:		11.0 (vendor release 12004000)
\# X resource pool:	base 0x2800000, mask 0x1fffff (2097151), shift 0
\# 			current id 0x0, current max 0x1ffffa (2097146)
\# Max data seg size:	     unlimited
\# Max process size:	     unlimited
\# Initial sbrk value:	        563 MB
\# Available memory:	    131,668 MB
\# System memory:	    146,785 MB
\# Maximum memory size:	    146,399 MB
\# Max mem available:	    131,844 MB
\# Initial memory used:	        177 MB
\#        process size:	      1,646 MB
\# Thread usage limits (effective/default):	maxthreads 4096/4096 maxload 8.00/8.00
\# Qt version:		5.9.1
\# Window Manager:	other
\# User Name:		kegedy
\o Working Directory:	linux-lab-054.ece.uw.edu:/home/projects/ee476.2022aut/kegedy/cadence
\# Process Id:		12455
\o 
\o COPYRIGHT (C) 1992-2021  CADENCE DESIGN SYSTEMS INC.  ALL RIGHTS RESERVED.
\o           (C) 1992-2021  UNIX SYSTEMS Laboratories INC.,
\o                          Reproduced with permission.
\o 
\o This Cadence Design Systems program and online documentation are
\o proprietary/confidential information and may be disclosed/used only
\o as authorized in a license agreement controlling such use and disclosure.
\o 
\o           RESTRICTED RIGHTS NOTICE (SHORT FORM)
\o Use/reproduction/disclosure is subject to restriction
\o set forth at FAR 1252.227-19 or its equivalent.
\o Loading geView.cxt 
\o Loading menuBuilder.cxt 
\o Loading schView.cxt 
\o Loading selectSv.cxt 
\o Loading wireEdit.cxt 
\o Loading pte2.cxt 
\o Loading xlUI.cxt 
\o Loading auCore.cxt 
\o Loading vhdl.cxt 
\o Loading seismic.cxt 
\o Loading ci.cxt 
\o Loading ams.cxt 
\o Loading adexlDM.cxt 
\o Loading cpf.cxt 
\o Loading cli.cxt 
\o Loading lp.cxt 
\o Virtuoso Framework License (111) was checked out successfully. Total checkout time was 0.02s.
\# Memory report: using         306 MB, process size 1,830 MB at UTC 2022.11.20 22:45:13.836
\o LOADING BINDKEYS....
\o DONE LOADING BINDKEYS
\o //
\o //  Calibre Skill Interface * (v2021.1_33.19) *
\o //
\o //                         Copyright Siemens 1996-2020     
\o //                             All Rights Reserved.
\o //         THIS WORK CONTAINS TRADE SECRET AND PROPRIETARY INFORMATION
\o //            WHICH IS THE PROPERTY OF MENTOR GRAPHICS CORPORATION
\o //              OR ITS LICENSORS AND IS SUBJECT TO LICENSE TERMS.
\o //
\o //
\o loading vars from /home/projects/ee476.2022aut/common/freepdk45_opencelllibrarypdk45/FreePDK45/ncsu_basekit/cdssetup/cdsenv for tool layout
\o ---------------------------------------------------------------------------
\o Welcome to the FreePDK 45nm Free, Open-Source Process Design Kit
\o 
\o This initiative is brought to you by the Semiconductor Research
\o Corporation (SRC), the National Science Foundation (NSF), Silicon
\o Integration Initiative (Si2), Mentor Graphics, and Synopsys.
\o 
\o This version of the kit was created by Rhett Davis, Paul Franzon,
\o Michael Bucher, Sunil Basavarajaiah, and Harun Demircioglu
\o of North Carolina State University, and James Stine and Ivan Castellanos
\o of Oklahoma State University.
\o 
\o Contributions and modifications to this kit are welcomed and encouraged.
\o 
\o Copyright 2007 - W. Rhett Davis, Paul Franzon, Michael Bucher,
\o                  and Sunil Basavarajaiah, North Carolina State University
\o Copyright 2008 - W. Rhett Davis, Michael Bucher, and Sunil Basavarajaiah,
\o                  North Carolina State University (ncsu_basekit subtree)
\o                  James Stine, and Ivan Castellanos,
\o                  and Oklahoma State University (osu_soc subtree)
\o Copyright 2011 - W. Rhett Davis, and Harun Demircioglu,
\o                  North Carolina State University
\o 
\o Licensed under the Apache License, Version 2.0 (the "License");
\o you may not use this file except in compliance with the License.
\o You may obtain a copy of the License at
\o 
\o     http://www.apache.org/licenses/LICENSE-2.0
\o 
\o Unless required by applicable law or agreed to in writing, software
\o distributed under the License is distributed on an "AS IS" BASIS,
\o WITHOUT WARRANTIES OR CONDITIONS OF ANY KIND, either express or implied.
\o See the License for the specific language governing permissions and
\o limitations under the License.
\o ---------------------------------------------------------------------------
\o 
\o Done loading FreePDK customizations.
\o general.il
\o Setting Up Infix and Menu preferences!!!
\p > 
\w *WARNING* could not load font "-*-courier-medium-r-*-*-12-*", using font "fixed"
\a _treeSetOpcGUI(t)
\r t
\# Available memory:        131,522 MB at UTC 2022.11.20 22:45:22.438
\# Memory report: Maximum memory size now 131,841 MB at UTC 2022.11.20 22:45:22.438
\# Thread usage report: 9 active threads, active load 1.00 at UTC 2022.11.20 22:45:22.438
\o  
\o Library Manager deleting library "cad4".
\i ddDeleteLocal(ddGetObj("cad4" "" "" ""))
\o Deleted library 'cad4'.
\o  
\o Library Manager created library "cad4"
\p > 
\a hiiSetCurrentForm('ddsTechOptionForm)
\r t
\a ddsTechOptionForm->Option->value="Attach to an existing technology library"
\r "Attach to an existing technology library"
\a hiFormDone(ddsTechOptionForm)
\i tcNewLibDisplayAttachTechForm("cad4")
\p > 
\a hiiSetCurrentForm('tcNewLibAttachTechForm)
\r t
\a tcNewLibAttachTechForm->attachTechLibList->value= '( "NangateOpenCellLibrary" )
\r ("NangateOpenCellLibrary")
\a hiFormDone(tcNewLibAttachTechForm)
\o INFO (TECH-180011): Design library 'cad4' successfully attached to technology library 'NangateOpenCellLibrary'.
\r t
\r t
\o Loading simui.cxt 
\o Loading oasis.cxt 
\o Loading dal.cxt 
\o Loading awv.cxt 
\o Loading socket.cxt 
\o Loading analog.cxt 
\o Loading par.cxt 
\o Loading asimenv.cxt 
\o Loading alvs.cxt 
\o Loading caa.cxt 
\o Loading amps.cxt 
\o Loading adexlCore.cxt 
\o Loading adexl.cxt 
\o Loading vdsil.cxt 
\o Loading lx.cxt 
\o Loading lce.cxt 
\o Loading le.cxt 
\w *WARNING* could not load font "-*-helvetica-medium-r-*-*-12-*", using font "fixed"
\w *WARNING* Font name -*-helvetica-medium-r-*-*-12-* is invalid 
\w *WARNING* Font name -*-helvetica-medium-r-*-*-12-* is invalid 
\w *WARNING* Font name -*-helvetica-medium-r-*-*-12-* is invalid 
\w *WARNING* Font name -*-helvetica-medium-r-*-*-12-* is invalid 
\w *WARNING* Font name -*-helvetica-medium-r-*-*-12-* is invalid 
\w *WARNING* Font name -*-helvetica-medium-r-*-*-12-* is invalid 
\o Loading rte.cxt 
\o Loading te.cxt 
\o Loading schHDL.cxt 
\o Info (ccp): Virtuoso Framework License (111) was checked out successfully. Total checkout time was 0.02s.
\o 
\o Info (ccp): ccpDFIIChecker: Starting ...
\o Error (ccp): ccpDFIIChecker: 
\o 
\o **************************************************
\o DBUPerUU is not the same in source techDB:NCSU_TechLib_FreePDK45 and destination techDB:NangateOpenCellLibrary
\o source: DBUPerUU is 2000
\o destination: DBUPerUU is 1000
\o Info (ccp): ccpDFIIChecker: End running.
\o Error (gdmExec): command /home/lab.apps/vlsiapps_new/virtuoso/current/tools/dfII/bin/ccpDFIIChecker failed with status 1
\w *WARNING* (ccpiDispatchPreChecker) Copy fails technology consistency precheck.
\w 
\i ddsServOpen("cad3" "NAND2" "schematic" "edit" nil)
\# Current Window: window(2)
\o Loading schematic.cxt 
\o Loading ddui.cxt 
\o Loading vb.cxt 
\o Loading nt.cxt 
\o Loading oi.cxt 
\o Loading see.cxt 
\o Loading treeAssistant.cxt 
\o Loading asst.cxt 
\o Loading hsm.cxt 
\a when(dwindow('oiAssistant1) hiMapWindow(dwindow('oiAssistant1)))
\r t
\a when(dwindow('treeAssistant1) hiMapWindow(dwindow('treeAssistant1)))
\r t
\# Memory report: using         422 MB, process size 2,041 MB at UTC 2022.11.20 22:48:22.438
\a schHiEditorOptions()
\p > 
\a hiiSetCurrentForm('schFormOfEditorOptions)
\r t
\a hiFormCancel(schFormOfEditorOptions) 
\r t
\r nil
\a _deUpdateWindowMenu('schWindowMenu2 2)
\r t
\a schHiDisplayOptions()
\p > 
\a hiiSetCurrentForm('schDisplayOptionsForm)
\r t
\a hiFormCancel(schDisplayOptionsForm) 
\r t
\r nil
\a mgc_custom_menus_run_menu_cmd("RVE" "::CalibreInterface::execCalibre RVE" 'nil ?code "")
\o //  Calibre layout-server initialized successfully at socket 9189, host localhost.
\r ipc:7
\a hiResizeWindow(swindow(1) list(75:224 975:914))
\r t
\a hiCloseWindow(swindow(1))
\r t
\o  
\o Library Manager deleting library "cad4".
\i ddDeleteLocal(ddGetObj("cad4" "" "" ""))
\o Deleted library 'cad4'.
\o  
\o Library Manager created library "cad4"
\o Info (ccp): Virtuoso Framework License (111) was checked out successfully. Total checkout time was 0.02s.
\o 
\o Info (ccp): ccpDFIIChecker: Starting ...
\o Info (ccp): ccpDFIIChecker: End running.
\o Info (ccp): Virtuoso Framework License (111) was checked out successfully. Total checkout time was 0.02s.
\o 
\o Info (ccp): ccpDFIIUpdtr: Starting ...
\o Info (ccp): ccpDFIIUpdtr: End running.
\o Loading mtv.cxt 
\i ddsServOpen("cad4" "NAND2" "" "edit" nil)
\p > 
\a hiiSetCurrentForm('deOpenForm)
\r t
\a hiFormDone(deOpenForm)
\r t
\# Current Window: window(3)
\o Loading drdEdit.cxt 
\o Loading soi.cxt 
\o Loading vfoCmd.cxt 
\o Loading wsp.cxt 
\o Loading mpt.cxt 
\o Loading ia.cxt 
\o Loading vca.cxt 
\o Loading atd.cxt 
\a when(dwindow('ptePaletteAssistant1) hiMapWindow(dwindow('ptePaletteAssistant1)))
\r t
\a hiCloseWindow(swindow(2))
\r t
\i ddsServOpen("cad4" "NAND2" "schematic" "edit" nil)
\# Current Window: window(4)
\a when(dwindow('oiAssistant3) hiMapWindow(dwindow('oiAssistant3)))
\r t
\a when(dwindow('treeAssistant3) hiMapWindow(dwindow('treeAssistant3)))
\r t
\a _deUpdateWindowMenu('schWindowMenu4 4)
\r t
\a schHiEditorOptions()
\p > 
\a hiiSetCurrentForm('schFormOfEditorOptions)
\r t
\a hiFormCancel(schFormOfEditorOptions) 
\r t
\r nil
\a _deUpdateWindowMenu('schWindowMenu4 4)
\r t
\a schHiDisplayOptions()
\p > 
\a hiiSetCurrentForm('schDisplayOptionsForm)
\r t
\a hiFormCancel(schDisplayOptionsForm) 
\r t
\r nil
\a hiCloseWindow(swindow(3))
\r t
