\o Program:		@(#)$CDS: libManager version 6.1.8 - CAT37 03/12/2021 04:24 (sjfdcl1035) $
\o Sub version:		sub-version  s175 
\o Arguments:		-mpssession virtuoso12455 -mpshost linux-lab-054.ece.uw.edu 
\o Working Directory:	linux-lab-054.ece.uw.edu:/home/projects/ee476.2022aut/kegedy/cadence
\o 64-bit offsets
\o Qt version: 		5.9.1
\o Log file is "/home/projects/ee476.2022aut/kegedy/cadence/./libManager.log".
\o Opening libManager window.
\a nrSetCurrentWindow(cdsLibManager)
\a nrResizeWindow(cdsLibManager list(345 236 878 526))
\o changeWorkingDir("/home/projects/ee476.2022aut/kegedy/cadence") unnecessary.
\o ddSetForcedLib("") unnecessary.
\o MPS service: map window
\o Library Manager customization server connected.
\a cdsLibManager->libListBox->value = "cad4"
\a cdsLibManager->libLineEdit->value = "cad4"
\a lmgrLogShowPopup("mainListPopup0" 19 145 2 "cad4")
\a cdsLibManager->editDeleteButton->value = t
\a deleteForm->deleteFilterEdit->value = "*"
\a deleteForm->notDeleteFilterEdit->value = "*"
\a nrSetWindowVisibility(deleteForm "show")
\a nrSetCurrentWindow(deleteForm)
\a nrResizeWindow(deleteForm list(471 287 627 425))
\a deleteForm->OK->value = t
\o QUESTION (CLM-199): The following 1 items are marked for deletion.  Are you sure?
\a nrSetWindowVisibility(mcMBXDLG "show")
\a nrSetCurrentWindow(mcMBXDLG)
\a nrResizeWindow(mcMBXDLG list(629 297 278 289))
\a mcMBXDLG->pushButton1->value = t
\o Deleting 1 library.
\o Deleting library "cad4".
\a nrSetWindowVisibility(workingDialogForm "show")
\a nrSetCurrentWindow(deleteForm)
\a nrSetCurrentWindow(cdsLibManager)
\a nrSetCurrentWindow(workingDialogForm)
\o Deleted library 'cad4'.
\o Delete of library "cad4" succeeded.
\o Deletion of library done.
\a nrSetCurrentWindow(cdsLibManager)
\a cdsLibManager->libListBox->value = nil
\a cdsLibManager->libLineEdit->value = ""
\a nrResizeWindow(workingDialogForm list(647 404 268 133))
\a cdsLibManager->libListBox->value = "cad3"
\a cdsLibManager->libLineEdit->value = "cad3"
\a cdsLibManager->libListBox->value = "cad2"
\a cdsLibManager->libLineEdit->value = "cad2"
\a lmgrLogShowPopup("mainListPopup0" 19 118 2 "cad2")
\a cdsLibManager->libListBox->value = "cad3"
\a cdsLibManager->libLineEdit->value = "cad3"
\a lmgrLogShowPopup("mainListPopup0" 13 132 2 "cad3")
\a cdsLibManager->FileNewLibButton->value = t
\a nrSetWindowVisibility(NewLibShell "show")
\a nrSetCurrentWindow(NewLibShell)
\a nrSetCurrentWindow(NewLibShell->subDialog)
\a nrResizeWindow(NewLibShell list(528 191 507 559))
\a NewLibShell->newLibNameText->value = "cad4"
\a NewLibShell->newLibOKButton->value = t
\a nrSetCurrentWindow(workingDialogForm)
\o Created new library "cad4" at /home/projects/ee476.2022aut/kegedy/cadence/cad4.
\a nrSetCurrentWindow(cdsLibManager)
\a cdsLibManager->libListBox->value = nil
\a cdsLibManager->libLineEdit->value = ""
\a cdsLibManager->libListBox->value = "cad3"
\a cdsLibManager->libLineEdit->value = "cad3"
\a nrResizeWindow(workingDialogForm list(650 433 270 133))
\a cdsLibManager->libListBox->value = nil
\a cdsLibManager->libLineEdit->value = ""
\a cdsLibManager->libListBox->value = "cad3"
\a cdsLibManager->libLineEdit->value = "cad3"
\a nrSetCurrentWindow(cdsLibManager)
\a nrSetCurrentWindow(cdsLibManager)
\a cdsLibManager->libListBox->value = "cad4"
\a cdsLibManager->libLineEdit->value = "cad4"
\a cdsLibManager->libListBox->value = "cad3"
\a cdsLibManager->libLineEdit->value = "cad3"
\a cdsLibManager->cellListBox->value = "INVD1"
\a cdsLibManager->cellLineEdit->value = "INVD1"
\a lmgrLogShowPopup("mainListPopup1" 43 14 2 "INVD1")
\a cdsLibManager->copySimpleButton->value = t
\a copyCellForm->SkipLibrariesEdit->value = "*"
\a copyCellForm->SkipLibrariesEdit->value = "*"
\a copyCellForm->CopyFromLibrary->value = "NCSU_Devices_FreePDK45"
\a copyCellForm->CopyToLibrary->value = "NCSU_Devices_FreePDK45"
\a copyCellForm->CopyFromLibrary->value = "cad3"
\a copyCellForm->CopyFromCell->value = "INVD1"
\a copyCellForm->CopyToLibrary->value = "cad3"
\a copyCellForm->CopyToCell->value = "INVD1"
\a copyCellForm->ViewsToCopy->value = "layout schematic symbol"
\a copyCellForm->SkipLibrariesEdit->value = ""
\a copyCellForm->SkipLibrariesEdit->value = "NCSU_Devices_FreePDK45 NCSU_TechLib_FreePDK45 NangateOpenCellLibrary US_8ths analogLib basic cad2 cad4 cdsDefTechLib"
\a nrSetWindowVisibility(copyCellForm "show")
\a nrSetCurrentWindow(copyCellForm)
\a nrResizeWindow(copyCellForm list(537 141 488 659))
\a copyCellForm->CopyToLibrary->value = "cad4"
\a copyCellForm->OK->value = t
\o Beginning simple copy to library "cad4".
\o Processing files to be copied...
\a nrSetCurrentWindow(workingDialogForm)
\a nrResizeWindow(workingDialogForm list(649 433 273 133))
\o ERROR (CLM-173): One or more of the following problems have occurred:\n      1. The source file does not exist.\n      2. A destination file will be overwritten.\n      3. A destination file is checked out.\n      4. A destination file is opened for edit.\n      5. A destination file conflicts with another.\n      6. A source library file is not valid in a different library.\n      7. A source OpenAccess cellview master file has zero size.
\a nrSetWindowVisibility(copyProblemsDialog "show")
\a nrSetCurrentWindow(copyProblemsDialog)
\a nrResizeWindow(copyProblemsDialog list(366 221 825 441))
\a copyProblemsDialog->overwriteAll->value = t
\a copyProblemsDialog->OK->value = t
\a nrSetCurrentWindow(copyCellForm)
\a nrSetCurrentWindow(cdsLibManager)
\a nrSetCurrentWindow(workingDialogForm)
\a nrResizeWindow(workingDialogForm list(648 433 273 133))
\o Copy failed - check the CDS.log for details.
\a copyCellForm->SkipLibrariesEdit->value = "*"
\a nrSetCurrentWindow(cdsLibManager)
\a nrSetCurrentWindow(cdsLibManager)
\a cdsLibManager->cellListBox->value = "NAND2"
\a cdsLibManager->cellLineEdit->value = "NAND2"
\a cdsLibManager->viewListBox->value = "schematic"
\a cdsLibManager->viewLineEdit->value = "schematic"
\o MPS request: edit design
\a nrListItemAction(cdsLibManager->gdmXTView 1 0)
\a nrSetCurrentWindow(cdsLibManager)
\a nrSetCurrentWindow(cdsLibManager)
\a cdsLibManager->libListBox->value = nil
\a cdsLibManager->libLineEdit->value = ""
\a cdsLibManager->cellListBox->value = nil
\a cdsLibManager->viewLineEdit->value = ""
\a cdsLibManager->viewListBox->value = nil
\a cdsLibManager->cellLineEdit->value = ""
\a cdsLibManager->libListBox->value = "cad3"
\a cdsLibManager->libLineEdit->value = "cad3"
\a cdsLibManager->cellListBox->value = "NAND2"
\a cdsLibManager->cellLineEdit->value = "NAND2"
\a cdsLibManager->viewListBox->value = "schematic"
\a cdsLibManager->viewLineEdit->value = "schematic"
\a cdsLibManager->viewLineEdit->value = ""
\a cdsLibManager->viewListBox->value = nil
\a cdsLibManager->viewListBox->value = "schematic"
\a cdsLibManager->viewLineEdit->value = "schematic"
\a nrSetCurrentWindow(cdsLibManager)
\a nrSetCurrentWindow(cdsLibManager)
\a cdsLibManager->libListBox->value = "cad4"
\a cdsLibManager->libLineEdit->value = "cad4"
\a cdsLibManager->cellLineEdit->value = ""
\a cdsLibManager->cellListBox->value = nil
\a cdsLibManager->viewLineEdit->value = ""
\a cdsLibManager->viewListBox->value = nil
\a lmgrLogShowPopup("mainListPopup0" 25 144 2 "cad4")
\a cdsLibManager->editDeleteButton->value = t
\a nrSetCurrentWindow(deleteForm)
\a deleteForm->OK->value = t
\o QUESTION (CLM-199): The following 1 items are marked for deletion.  Are you sure?
\a nrSetWindowVisibility(mcMBXDLG "show")
\a nrSetCurrentWindow(mcMBXDLG)
\a nrResizeWindow(mcMBXDLG list(629 297 278 289))
\a mcMBXDLG->pushButton1->value = t
\o Deleting 1 library.
\o Deleting library "cad4".
\a nrSetCurrentWindow(deleteForm)
\a nrSetCurrentWindow(cdsLibManager)
\a nrSetCurrentWindow(workingDialogForm)
\o Deleted library 'cad4'.
\o Delete of library "cad4" succeeded.
\o Deletion of library done.
\a nrSetCurrentWindow(cdsLibManager)
\a cdsLibManager->libListBox->value = nil
\a cdsLibManager->libLineEdit->value = ""
\a nrResizeWindow(workingDialogForm list(656 433 268 133))
\a cdsLibManager->libListBox->value = "cad3"
\a cdsLibManager->libLineEdit->value = "cad3"
\a lmgrLogShowPopup("mainListPopup0" 26 130 2 "cad3")
\a cdsLibManager->copySimpleButton->value = t
\a basicCopyForm->CopyFromLibrary->value = "NCSU_Devices_FreePDK45"
\a basicCopyForm->CopyToLibrary->value = "NCSU_Devices_FreePDK45"
\a basicCopyForm->CopyFromLibrary->value = "cad3"
\a basicCopyForm->CopyToLibrary->value = "cad3"
\a nrSetWindowVisibility(basicCopyForm "show")
\a nrSetCurrentWindow(basicCopyForm)
\a nrResizeWindow(basicCopyForm list(630 312 303 316))
\a basicCopyForm->CopyToLibrary->value = "cad4"
\a basicCopyForm->OK->value = t
\o Beginning simple copy to library "cad4".
\o Processing files to be copied...
\a nrSetCurrentWindow(workingDialogForm)
\a NewLibShell->newLibNameText->value = ""
\a NewLibShell->newLibNameText->value = "cad4"
\a NewLibShell->QLineEdit1->value = ""
\a NewLibShell->QLineEdit1->value = "/home/projects/ee476.2022aut/kegedy/cadence"
\o INFO (CLM-130): Your operation specified a new destination library.\n\nThis dialog requires you to specify the location where \nthe new library's directory will be created when OK'd.\n\nYou will not create a new library if this dialog is cancelled.
\a nrSetWindowVisibility(NewLibShell->subDialog "show")
\a nrSetCurrentWindow(NewLibShell)
\a nrSetCurrentWindow(NewLibShell->subDialog)
\a nrResizeWindow(workingDialogForm list(650 433 273 133))
\a nrResizeWindow(NewLibShell list(531 153 507 692))
\a nrResizeWindow(NewLibShell->subDialog list(9 9 441 255))
\a NewLibShell->newLibOKButton->value = t
\o Created new library "cad4" at /home/projects/ee476.2022aut/kegedy/cadence/cad4.
\a nrSetCurrentWindow(basicCopyForm)
\a nrSetCurrentWindow(cdsLibManager)
\a nrSetCurrentWindow(workingDialogForm)
\a nrResizeWindow(workingDialogForm list(649 433 270 133))
\a cdsLibManager->libListBox->value = nil
\a cdsLibManager->libLineEdit->value = ""
\a cdsLibManager->libListBox->value = "cad3"
\a cdsLibManager->libLineEdit->value = "cad3"
\o Batching session updates...
\o Copy succeeded.
\a cdsLibManager->libListBox->value = nil
\a cdsLibManager->libLineEdit->value = ""
\a cdsLibManager->libListBox->value = "cad3"
\a cdsLibManager->libLineEdit->value = "cad3"
\a nrSetCurrentWindow(cdsLibManager)
\a cdsLibManager->libListBox->value = nil
\a cdsLibManager->libLineEdit->value = ""
\a cdsLibManager->libListBox->value = "cad3"
\a cdsLibManager->libLineEdit->value = "cad3"
\a cdsLibManager->libListBox->value = "cad4"
\a cdsLibManager->libLineEdit->value = "cad4"
\a cdsLibManager->cellListBox->value = "NAND2"
\a cdsLibManager->cellLineEdit->value = "NAND2"
\a cdsLibManager->viewListBox->value = "schematic"
\a cdsLibManager->viewLineEdit->value = "schematic"
\a cdsLibManager->cellListBox->value = "NAND2_balanced"
\a cdsLibManager->cellLineEdit->value = "NAND2_balanced"
\a cdsLibManager->viewLineEdit->value = ""
\a cdsLibManager->viewListBox->value = nil
\a cdsLibManager->viewListBox->value = "schematic"
\a cdsLibManager->viewLineEdit->value = "schematic"
\a cdsLibManager->cellListBox->value = "ring_osc"
\a cdsLibManager->cellLineEdit->value = "ring_osc"
\a cdsLibManager->viewLineEdit->value = ""
\a cdsLibManager->viewListBox->value = nil
\a cdsLibManager->viewListBox->value = "schematic"
\a cdsLibManager->viewLineEdit->value = "schematic"
\a cdsLibManager->cellLineEdit->value = ""
\a cdsLibManager->cellListBox->value = nil
\a cdsLibManager->viewLineEdit->value = ""
\a cdsLibManager->viewListBox->value = nil
\a cdsLibManager->cellListBox->value = "ring_osc"
\a cdsLibManager->cellLineEdit->value = "ring_osc"
\a cdsLibManager->viewListBox->value = "schematic"
\a cdsLibManager->viewLineEdit->value = "schematic"
\a cdsLibManager->cellListBox->value = "loaded_nand"
\a cdsLibManager->cellLineEdit->value = "loaded_nand"
\a cdsLibManager->viewLineEdit->value = ""
\a cdsLibManager->viewListBox->value = nil
\a cdsLibManager->viewListBox->value = "schematic"
\a cdsLibManager->viewLineEdit->value = "schematic"
\a cdsLibManager->cellListBox->value = "ring_osc_2x"
\a cdsLibManager->cellLineEdit->value = "ring_osc_2x"
\a cdsLibManager->viewLineEdit->value = ""
\a cdsLibManager->viewListBox->value = nil
\a cdsLibManager->viewListBox->value = "schematic"
\a cdsLibManager->viewLineEdit->value = "schematic"
\a cdsLibManager->cellListBox->value = "ring_osc"
\a cdsLibManager->cellLineEdit->value = "ring_osc"
\a cdsLibManager->viewLineEdit->value = ""
\a cdsLibManager->viewListBox->value = nil
\a cdsLibManager->viewListBox->value = "schematic"
\a cdsLibManager->viewLineEdit->value = "schematic"
\a cdsLibManager->cellListBox->value = "loaded_nand"
\a cdsLibManager->cellLineEdit->value = "loaded_nand"
\a cdsLibManager->viewLineEdit->value = ""
\a cdsLibManager->viewListBox->value = nil
\a cdsLibManager->viewListBox->value = "schematic"
\a cdsLibManager->viewLineEdit->value = "schematic"
\a cdsLibManager->cellListBox->value = "NAND2"
\a cdsLibManager->cellLineEdit->value = "NAND2"
\a cdsLibManager->viewLineEdit->value = ""
\a cdsLibManager->viewListBox->value = nil
\a cdsLibManager->viewListBox->value = "schematic"
\a cdsLibManager->viewLineEdit->value = "schematic"
\a cdsLibManager->cellListBox->value = "NAND2_balanced"
\a cdsLibManager->cellLineEdit->value = "NAND2_balanced"
\a cdsLibManager->viewLineEdit->value = ""
\a cdsLibManager->viewListBox->value = nil
\a cdsLibManager->viewListBox->value = "schematic"
\a cdsLibManager->viewLineEdit->value = "schematic"
\a cdsLibManager->cellListBox->value = "NAND2"
\a cdsLibManager->cellLineEdit->value = "NAND2"
\a cdsLibManager->viewLineEdit->value = ""
\a cdsLibManager->viewListBox->value = nil
\a cdsLibManager->viewListBox->value = "schematic"
\a cdsLibManager->viewLineEdit->value = "schematic"
\a cdsLibManager->viewLineEdit->value = ""
\a cdsLibManager->viewListBox->value = nil
\o MPS request: edit design
\a nrListItemAction(cdsLibManager->cellListBox 1 0)
\a cdsLibManager->libListBox->value = nil
\a cdsLibManager->libLineEdit->value = ""
\a cdsLibManager->cellListBox->value = nil
\a cdsLibManager->cellLineEdit->value = ""
\a cdsLibManager->libListBox->value = "cad4"
\a cdsLibManager->libLineEdit->value = "cad4"
\a cdsLibManager->cellListBox->value = "NAND2"
\a cdsLibManager->cellLineEdit->value = "NAND2"
\a cdsLibManager->viewListBox->value = "schematic"
\a cdsLibManager->viewLineEdit->value = "schematic"
\a cdsLibManager->viewLineEdit->value = ""
\a cdsLibManager->viewListBox->value = nil
\a cdsLibManager->viewListBox->value = "schematic"
\a cdsLibManager->viewLineEdit->value = "schematic"
\a nrSetCurrentWindow(cdsLibManager)
\a nrSetCurrentWindow(cdsLibManager)
\a nrSetCurrentWindow(cdsLibManager)
\a nrSetCurrentWindow(cdsLibManager)
\a nrSetCurrentWindow(cdsLibManager)
\a nrSetCurrentWindow(cdsLibManager)
\a nrSetCurrentWindow(cdsLibManager)
\a cdsLibManager->viewListBox->value = "layout"
\a cdsLibManager->viewLineEdit->value = "layout"
\a cdsLibManager->viewListBox->value = "schematic"
\a cdsLibManager->viewLineEdit->value = "schematic"
\a cdsLibManager->viewListBox->value = nil
\a cdsLibManager->viewLineEdit->value = ""
\a cdsLibManager->viewListBox->value = "schematic"
\a cdsLibManager->viewLineEdit->value = "schematic"
\o MPS request: edit design
\a nrListItemAction(cdsLibManager->gdmXTView 1 0)
\a nrSetCurrentWindow(cdsLibManager)
\a nrSetCurrentWindow(cdsLibManager)
\a nrSetCurrentWindow(cdsLibManager)
\a nrSetCurrentWindow(cdsLibManager)
\a nrResizeWindow(cdsLibManager list(36 111 878 526))
