 ****** PrimeSim HSPICE -- T-2022.06 linux64 (May 20 2022 7637141) ******
  Copyright (c) 1986 - 2022 by Synopsys, Inc. All Rights Reserved.
  This software and the associated documentation are proprietary
  to Synopsys, Inc. This software may only be used in accordance
  with the terms and conditions of a written license agreement with
  Synopsys, Inc. All other use, reproduction, or distribution of
  this software is strictly prohibited.
  Input File: loaded_nand.ctl                                                   
  Command line options: /home/lab.apps/vlsiapps_new/hspice/current/hspice/linux64/hspice loaded_nand.ctl -o loaded_nand.lis
  Start time: Thu Nov 10 09:48:25 2022
 lic:  
 lic: FLEXlm: SDK_12.10 
 lic: USER:   kegedy               HOSTNAME: linux-lab-054.ece.uw.edu 
 lic: HOSTID: ffffffff9f0a36e0     PID:      22352 
 lic: Using FLEXlm license file: 
 lic: 27008@synopsysls.s.uw.edu 
 lic: Checkout 1 hspice 
 lic: License/Maintenance for hspice will expire on 24-jan-2023/2020.12 
 lic: 1(in_use)/100(total) FLOATING license(s) on SERVER 27008@synopsysls.s.uw.edu 
 lic:   
  **warning** (loaded_nand.ckt:39)'.end' can not exist in include/lib files, ignored
  **error** (loaded_nand.ckt:34) Definition of model/subckt "nand2" is not found for the element "xdut". Please specify a defined model/subckt name.
  **error** (loaded_nand.ckt:35) Definition of model/subckt "nand2" is not found for the element "xnand3". Please specify a defined model/subckt name.
  **error** (loaded_nand.ckt:36) Definition of model/subckt "nand2" is not found for the element "xnand2". Please specify a defined model/subckt name.
  **error** (loaded_nand.ckt:37) Definition of model/subckt "nand2" is not found for the element "xnand1". Please specify a defined model/subckt name.
  **error** (loaded_nand.ckt:38) Definition of model/subckt "nand2" is not found for the element "xnand0". Please specify a defined model/subckt name.

          ***** job aborted
1****** PrimeSim HSPICE -- T-2022.06 linux64 (May 20 2022 7637141) ******
 ******  
 * beware!!!! first line is always a comment line and spice ignores this line

 ****** job statistics summary tnom=  25.000 temp=  25.000 ******
  
 ******  Machine Information  ******
 CPU:
 model name	: Intel(R) Core(TM) i7-9700 CPU @ 3.00GHz
 cpu MHz	: 4531.677
 CPU(s)		: 8
  
 OS:
 Linux version 3.10.0-1160.76.1.el7.x86_64 (mockbuild@kbuilder.bsys.centos.org) (gcc version 4.8.5 20150623 (Red Hat 4.8.5-44) (GCC) ) #1 SMP Wed Aug 10 16:21:17 UTC 2022

 System loadavg : 1.79 1.86 1.87 3/1129 22355


  ******  PrimeSim HSPICE Threads Information  ******

  Command Line Threads Count :     1
  Available CPU Count        :     8
  Actual Threads Count       :     1


  ******  Circuit Statistics  ******
  # nodes       =       0 # elements   =       4
  # resistors   =       0 # capacitors =       0 # inductors   =       0
  # mutual_inds =       0 # vccs       =       0 # vcvs        =       0
  # cccs        =       0 # ccvs       =       0 # volt_srcs   =       4
  # curr_srcs   =       0 # diodes     =       0 # bjts        =       0
  # jfets       =       0 # mosfets    =       0 # U elements  =       0
  # T elements  =       0 # W elements =       0 # B elements  =       0
  # S elements  =       0 # P elements =       0 # va device   =       0
  # vector_srcs =       0 # N elements =       0


  ******  Runtime Statistics (seconds)  ******

  analysis           time    # points   tot. iter  conv.iter
  op point           0.00           1           0
  readin             0.03
  errchk             0.00
  setup              0.00
  output             0.00


           peak memory used        495.89 megabytes
           total cpu time            0.03 seconds
           total elapsed time        0.08 seconds
           job started at     09:48:25 11/10/2022
           job ended   at     09:48:25 11/10/2022
           job total runtime         0.08 seconds


 lic: Release hspice token(s) 
 lic: total license checkout elapse time:        0.04(s)
