### Custom WaveView ADV log file, revision T-2022.06 (build May 21, ) ###
### created at 10:09:36 on Mon Nov 14 2022 (Linux AMD64) ###
### Host Name: linux-lab-054.ece.uw.edu   User ID: kegedy   PID: 3594   ###
wv_start_log
# (0) running in waveview only mode
# (0) SW_SX_PERL_LIB defined
# (0) SW_SX_TCL_LIB defined
# (0) HOME defined
sx_open_sim_file_read {loaded_nand.tr0}
wv_select_tree_item {Custom WaveView} {} {hierview} {D0:loaded_nand.tr0(0)} {0} {+sep=@}
wv_select_tree_item {Custom WaveView} {} {hierview} {D0:loaded_nand.tr0(0)} {0} {+sep=@}
wv_expand_tree_item {Custom WaveView} {} {hierview} {D0:loaded_nand.tr0(0)} {+sep=@}
wv_select_tree_item {Custom WaveView} {} {hierview} {D0:loaded_nand.tr0(0)@toplevel(0)} {0} {+sep=@}
wv_expand_tree_item {Custom WaveView} {} {hierview} {D0:loaded_nand.tr0(0)@toplevel(0)} {+sep=@}
wv_select_tree_item {Custom WaveView} {} {hierview} {D0:loaded_nand.tr0(0)@toplevel(0)@xdut(0)} {0} {+sep=@}
wv_move_scrollbar {Custom WaveView} {} {sigview.HScrolBar} {5}
wv_move_scrollbar {Custom WaveView} {} {sigview.HScrolBar} {9}
wv_move_scrollbar {Custom WaveView} {} {sigview.HScrolBar} {14}
wv_move_scrollbar {Custom WaveView} {} {sigview.HScrolBar} {42}
wv_move_scrollbar {Custom WaveView} {} {sigview.HScrolBar} {47}
wv_move_scrollbar {Custom WaveView} {} {sigview.HScrolBar} {52}
wv_move_scrollbar {Custom WaveView} {} {sigview.HScrolBar} {56}
wv_move_scrollbar {Custom WaveView} {} {sigview.HScrolBar} {61}
wv_move_scrollbar {Custom WaveView} {} {sigview.HScrolBar} {66}
wv_move_scrollbar {Custom WaveView} {} {sigview.HScrolBar} {70}
wv_move_scrollbar {Custom WaveView} {} {sigview.HScrolBar} {75}
wv_move_scrollbar {Custom WaveView} {} {sigview.HScrolBar} {80}
wv_move_scrollbar {Custom WaveView} {} {sigview.HScrolBar} {84}
wv_move_scrollbar {Custom WaveView} {} {sigview.HScrolBar} {89}
wv_move_scrollbar {Custom WaveView} {} {sigview.HScrolBar} {94}
wv_move_scrollbar {Custom WaveView} {} {sigview.HScrolBar} {98}
wv_move_scrollbar {Custom WaveView} {} {sigview.HScrolBar} {103}
wv_move_scrollbar {Custom WaveView} {} {sigview.HScrolBar} {108}
wv_move_scrollbar {Custom WaveView} {} {sigview.HScrolBar} {113}
wv_move_scrollbar {Custom WaveView} {} {sigview.HScrolBar} {122}
wv_move_scrollbar {Custom WaveView} {} {sigview.HScrolBar} {127}
wv_move_scrollbar {Custom WaveView} {} {sigview.HScrolBar} {131}
wv_move_scrollbar {Custom WaveView} {} {sigview.HScrolBar} {141}
wv_move_scrollbar {Custom WaveView} {} {sigview.HScrolBar} {150}
wv_move_scrollbar {Custom WaveView} {} {sigview.HScrolBar} {155}
wv_move_scrollbar {Custom WaveView} {} {sigview.HScrolBar} {159}
wv_move_scrollbar {Custom WaveView} {} {sigview.HScrolBar} {164}
wv_move_scrollbar {Custom WaveView} {} {sigview.HScrolBar} {173}
wv_move_scrollbar {Custom WaveView} {} {sigview.HScrolBar} {188}
wv_move_scrollbar {Custom WaveView} {} {sigview.HScrolBar} {192}
wv_move_scrollbar {Custom WaveView} {} {sigview.HScrolBar} {197}
wv_move_scrollbar {Custom WaveView} {} {sigview.HScrolBar} {202}
wv_move_scrollbar {Custom WaveView} {} {sigview.HScrolBar} {206}
wv_move_scrollbar {Custom WaveView} {} {sigview.HScrolBar} {211}
wv_move_scrollbar {Custom WaveView} {} {sigview.HScrolBar} {216}
wv_move_scrollbar {Custom WaveView} {} {sigview.HScrolBar} {220}
wv_move_scrollbar {Custom WaveView} {} {sigview.HScrolBar} {225}
wv_move_scrollbar {Custom WaveView} {} {sigview.HScrolBar} {230}
wv_move_scrollbar {Custom WaveView} {} {sigview.HScrolBar} {234}
wv_move_scrollbar {Custom WaveView} {} {sigview.HScrolBar} {239}
wv_move_scrollbar {Custom WaveView} {} {sigview.HScrolBar} {244}
wv_move_scrollbar {Custom WaveView} {} {sigview.HScrolBar} {248}
wv_move_scrollbar {Custom WaveView} {} {sigview.HScrolBar} {253}
wv_move_scrollbar {Custom WaveView} {} {sigview.HScrolBar} {258}
wv_move_scrollbar {Custom WaveView} {} {sigview.HScrolBar} {263}
wv_move_scrollbar {Custom WaveView} {} {sigview.HScrolBar} {267}
wv_move_scrollbar {Custom WaveView} {} {sigview.HScrolBar} {272}
wv_move_scrollbar {Custom WaveView} {} {sigview.HScrolBar} {277}
wv_move_scrollbar {Custom WaveView} {} {sigview.HScrolBar} {281}
wv_move_scrollbar {Custom WaveView} {} {sigview.HScrolBar} {286}
wv_move_scrollbar {Custom WaveView} {} {sigview.HScrolBar} {291}
wv_move_scrollbar {Custom WaveView} {} {sigview.HScrolBar} {295}
wv_move_scrollbar {Custom WaveView} {} {sigview.HScrolBar} {300}
wv_move_scrollbar {Custom WaveView} {} {sigview.HScrolBar} {305}
wv_move_scrollbar {Custom WaveView} {} {sigview.HScrolBar} {309}
wv_move_scrollbar {Custom WaveView} {} {sigview.HScrolBar} {314}
wv_move_scrollbar {Custom WaveView} {} {sigview.HScrolBar} {319}
wv_move_scrollbar {Custom WaveView} {} {sigview.HScrolBar} {323}
wv_move_scrollbar {Custom WaveView} {} {sigview.HScrolBar} {328}
wv_move_scrollbar {Custom WaveView} {} {sigview.HScrolBar} {338}
wv_move_scrollbar {Custom WaveView} {} {sigview.HScrolBar} {342}
wv_move_scrollbar {Custom WaveView} {} {sigview.HScrolBar} {347}
wv_move_scrollbar {Custom WaveView} {} {sigview.HScrolBar} {352}
wv_move_scrollbar {Custom WaveView} {} {sigview.HScrolBar} {356}
wv_move_scrollbar {Custom WaveView} {} {sigview.HScrolBar} {361}
wv_move_scrollbar {Custom WaveView} {} {sigview.HScrolBar} {366}
wv_move_scrollbar {Custom WaveView} {} {sigview.HScrolBar} {370}
wv_move_scrollbar {Custom WaveView} {} {sigview.HScrolBar} {375}
wv_move_scrollbar {Custom WaveView} {} {sigview.HScrolBar} {380}
wv_move_scrollbar {Custom WaveView} {} {sigview.HScrolBar} {384}
wv_move_scrollbar {Custom WaveView} {} {sigview.HScrolBar} {389}
wv_move_scrollbar {Custom WaveView} {} {sigview.HScrolBar} {394}
wv_move_scrollbar {Custom WaveView} {} {sigview.HScrolBar} {398}
wv_move_scrollbar {Custom WaveView} {} {sigview.HScrolBar} {403}
wv_move_scrollbar {Custom WaveView} {} {sigview.HScrolBar} {408}
wv_move_scrollbar {Custom WaveView} {} {sigview.HScrolBar} {413}
wv_move_scrollbar {Custom WaveView} {} {sigview.HScrolBar} {417}
wv_move_scrollbar {Custom WaveView} {} {sigview.HScrolBar} {422}
wv_move_scrollbar {Custom WaveView} {} {sigview.HScrolBar} {427}
wv_move_scrollbar {Custom WaveView} {} {sigview.HScrolBar} {431}
wv_move_scrollbar {Custom WaveView} {} {sigview.HScrolBar} {436}
wv_move_scrollbar {Custom WaveView} {} {sigview.HScrolBar} {441}
wv_move_scrollbar {Custom WaveView} {} {sigview.HScrolBar} {445}
wv_move_scrollbar {Custom WaveView} {} {sigview.HScrolBar} {450}
wv_move_scrollbar {Custom WaveView} {} {sigview.HScrolBar} {455}
wv_move_scrollbar {Custom WaveView} {} {sigview.HScrolBar} {459}
wv_move_scrollbar {Custom WaveView} {} {sigview.HScrolBar} {464}
wv_move_scrollbar {Custom WaveView} {} {sigview.HScrolBar} {469}
wv_move_scrollbar {Custom WaveView} {} {sigview.HScrolBar} {473}
wv_move_scrollbar {Custom WaveView} {} {sigview.HScrolBar} {478}
wv_move_scrollbar {Custom WaveView} {} {sigview.HScrolBar} {483}
wv_move_scrollbar {Custom WaveView} {} {sigview.HScrolBar} {492}
wv_move_scrollbar {Custom WaveView} {} {sigview.HScrolBar} {497}
wv_move_scrollbar {Custom WaveView} {} {sigview.HScrolBar} {502}
wv_move_scrollbar {Custom WaveView} {} {sigview.HScrolBar} {506}
wv_move_scrollbar {Custom WaveView} {} {sigview.HScrolBar} {511}
wv_select_window {Custom WaveView} 
wv_select_waveview 1 {waveview 1}
wv_release_wv_item WV1 878 289
wv_move_scrollbar {Custom WaveView} {} {sigview.HScrolBar} {506}
wv_move_scrollbar {Custom WaveView} {} {sigview.HScrolBar} {502}
wv_move_scrollbar {Custom WaveView} {} {sigview.HScrolBar} {497}
wv_move_scrollbar {Custom WaveView} {} {sigview.HScrolBar} {492}
wv_move_scrollbar {Custom WaveView} {} {sigview.HScrolBar} {497}
wv_move_scrollbar {Custom WaveView} {} {sigview.HScrolBar} {502}
wv_move_scrollbar {Custom WaveView} {} {sigview.HScrolBar} {506}
wv_move_scrollbar {Custom WaveView} {} {sigview.HScrolBar} {511}
wv_move_scrollbar {Custom WaveView} {} {sigview.HScrolBar} {520}
wv_move_scrollbar {Custom WaveView} {} {sigview.HScrolBar} {525}
wv_move_scrollbar {Custom WaveView} {} {sigview.HScrolBar} {530}
wv_move_scrollbar {Custom WaveView} {} {sigview.HScrolBar} {539}
wv_move_scrollbar {Custom WaveView} {} {sigview.HScrolBar} {544}
wv_move_scrollbar {Custom WaveView} {} {sigview.HScrolBar} {567}
wv_move_scrollbar {Custom WaveView} {} {sigview.HScrolBar} {572}
wv_move_scrollbar {Custom WaveView} {} {sigview.HScrolBar} {605}
wv_move_scrollbar {Custom WaveView} {} {sigview.HScrolBar} {609}
wv_move_scrollbar {Custom WaveView} {} {sigview.HScrolBar} {614}
wv_move_scrollbar {Custom WaveView} {} {sigview.HScrolBar} {619}
wv_move_scrollbar {Custom WaveView} {} {sigview.HScrolBar} {623}
wv_move_scrollbar {Custom WaveView} {} {sigview.HScrolBar} {619}
wv_move_scrollbar {Custom WaveView} {} {sigview.HScrolBar} {614}
wv_move_scrollbar {Custom WaveView} {} {sigview.HScrolBar} {609}
wv_move_scrollbar {Custom WaveView} {} {sigview.HScrolBar} {605}
wv_move_scrollbar {Custom WaveView} {} {sigview.HScrolBar} {609}
wv_move_scrollbar {Custom WaveView} {} {sigview.HScrolBar} {614}
wv_move_scrollbar {Custom WaveView} {} {sigview.HScrolBar} {609}
wv_move_scrollbar {Custom WaveView} {} {sigview.HScrolBar} {605}
wv_move_scrollbar {Custom WaveView} {} {sigview.HScrolBar} {600}
wv_move_scrollbar {Custom WaveView} {} {sigview.HScrolBar} {595}
wv_move_scrollbar {Custom WaveView} {} {sigview.HScrolBar} {591}
wv_move_scrollbar {Custom WaveView} {} {sigview.HScrolBar} {586}
wv_move_scrollbar {Custom WaveView} {} {sigview.HScrolBar} {581}
wv_move_scrollbar {Custom WaveView} {} {sigview.HScrolBar} {577}
wv_move_scrollbar {Custom WaveView} {} {sigview.HScrolBar} {572}
wv_move_scrollbar {Custom WaveView} {} {sigview.HScrolBar} {567}
wv_move_scrollbar {Custom WaveView} {} {sigview.HScrolBar} {563}
wv_move_scrollbar {Custom WaveView} {} {sigview.HScrolBar} {553}
wv_move_scrollbar {Custom WaveView} {} {sigview.HScrolBar} {544}
wv_move_scrollbar {Custom WaveView} {} {sigview.HScrolBar} {530}
wv_move_scrollbar {Custom WaveView} {} {sigview.HScrolBar} {520}
wv_move_scrollbar {Custom WaveView} {} {sigview.HScrolBar} {516}
wv_move_scrollbar {Custom WaveView} {} {sigview.HScrolBar} {511}
wv_move_scrollbar {Custom WaveView} {} {sigview.HScrolBar} {497}
wv_move_scrollbar {Custom WaveView} {} {sigview.HScrolBar} {492}
wv_move_scrollbar {Custom WaveView} {} {sigview.HScrolBar} {483}
wv_move_scrollbar {Custom WaveView} {} {sigview.HScrolBar} {478}
wv_move_scrollbar {Custom WaveView} {} {sigview.HScrolBar} {469}
wv_move_scrollbar {Custom WaveView} {} {sigview.HScrolBar} {450}
wv_move_scrollbar {Custom WaveView} {} {sigview.HScrolBar} {445}
wv_move_scrollbar {Custom WaveView} {} {sigview.HScrolBar} {441}
wv_move_scrollbar {Custom WaveView} {} {sigview.HScrolBar} {436}
wv_move_scrollbar {Custom WaveView} {} {sigview.HScrolBar} {431}
wv_move_scrollbar {Custom WaveView} {} {sigview.HScrolBar} {427}
wv_move_scrollbar {Custom WaveView} {} {sigview.HScrolBar} {422}
wv_move_scrollbar {Custom WaveView} {} {sigview.HScrolBar} {417}
wv_move_scrollbar {Custom WaveView} {} {sigview.HScrolBar} {413}
wv_move_scrollbar {Custom WaveView} {} {sigview.HScrolBar} {408}
wv_move_scrollbar {Custom WaveView} {} {sigview.HScrolBar} {403}
wv_move_scrollbar {Custom WaveView} {} {sigview.HScrolBar} {398}
wv_move_scrollbar {Custom WaveView} {} {sigview.HScrolBar} {394}
wv_move_scrollbar {Custom WaveView} {} {sigview.HScrolBar} {389}
wv_move_scrollbar {Custom WaveView} {} {sigview.HScrolBar} {384}
wv_move_scrollbar {Custom WaveView} {} {sigview.HScrolBar} {380}
wv_move_scrollbar {Custom WaveView} {} {sigview.HScrolBar} {370}
wv_move_scrollbar {Custom WaveView} {} {sigview.HScrolBar} {366}
wv_move_scrollbar {Custom WaveView} {} {sigview.HScrolBar} {356}
wv_move_scrollbar {Custom WaveView} {} {sigview.HScrolBar} {352}
wv_move_scrollbar {Custom WaveView} {} {sigview.HScrolBar} {342}
wv_move_scrollbar {Custom WaveView} {} {sigview.HScrolBar} {338}
wv_move_scrollbar {Custom WaveView} {} {sigview.HScrolBar} {333}
wv_move_scrollbar {Custom WaveView} {} {sigview.HScrolBar} {323}
wv_move_scrollbar {Custom WaveView} {} {sigview.HScrolBar} {291}
wv_move_scrollbar {Custom WaveView} {} {sigview.HScrolBar} {277}
wv_move_scrollbar {Custom WaveView} {} {sigview.HScrolBar} {267}
wv_move_scrollbar {Custom WaveView} {} {sigview.HScrolBar} {230}
wv_move_scrollbar {Custom WaveView} {} {sigview.HScrolBar} {206}
wv_move_scrollbar {Custom WaveView} {} {sigview.HScrolBar} {173}
wv_move_scrollbar {Custom WaveView} {} {sigview.HScrolBar} {164}
wv_move_scrollbar {Custom WaveView} {} {sigview.HScrolBar} {155}
wv_move_scrollbar {Custom WaveView} {} {sigview.HScrolBar} {145}
wv_move_scrollbar {Custom WaveView} {} {sigview.HScrolBar} {136}
wv_move_scrollbar {Custom WaveView} {} {sigview.HScrolBar} {122}
wv_move_scrollbar {Custom WaveView} {} {sigview.HScrolBar} {117}
wv_move_scrollbar {Custom WaveView} {} {sigview.HScrolBar} {108}
wv_move_scrollbar {Custom WaveView} {} {sigview.HScrolBar} {103}
wv_move_scrollbar {Custom WaveView} {} {sigview.HScrolBar} {89}
wv_move_scrollbar {Custom WaveView} {} {sigview.HScrolBar} {84}
wv_move_scrollbar {Custom WaveView} {} {sigview.HScrolBar} {80}
wv_move_scrollbar {Custom WaveView} {} {sigview.HScrolBar} {70}
wv_move_scrollbar {Custom WaveView} {} {sigview.HScrolBar} {66}
wv_move_scrollbar {Custom WaveView} {} {sigview.HScrolBar} {61}
wv_move_scrollbar {Custom WaveView} {} {sigview.HScrolBar} {66}
wv_move_scrollbar {Custom WaveView} {} {sigview.HScrolBar} {70}
wv_move_scrollbar {Custom WaveView} {} {sigview.HScrolBar} {75}
wv_move_scrollbar {Custom WaveView} {} {sigview.HScrolBar} {80}
wv_move_scrollbar {Custom WaveView} {} {sigview.HScrolBar} {84}
wv_move_scrollbar {Custom WaveView} {} {sigview.HScrolBar} {89}
wv_move_scrollbar {Custom WaveView} {} {sigview.HScrolBar} {94}
wv_move_scrollbar {Custom WaveView} {} {sigview.HScrolBar} {98}
wv_move_scrollbar {Custom WaveView} {} {sigview.HScrolBar} {103}
wv_move_scrollbar {Custom WaveView} {} {sigview.HScrolBar} {108}
wv_move_scrollbar {Custom WaveView} {} {sigview.HScrolBar} {122}
wv_move_scrollbar {Custom WaveView} {} {sigview.HScrolBar} {127}
wv_move_scrollbar {Custom WaveView} {} {sigview.HScrolBar} {131}
wv_move_scrollbar {Custom WaveView} {} {sigview.HScrolBar} {136}
wv_move_scrollbar {Custom WaveView} {} {sigview.HScrolBar} {141}
wv_move_scrollbar {Custom WaveView} {} {sigview.HScrolBar} {145}
wv_move_scrollbar {Custom WaveView} {} {sigview.HScrolBar} {155}
wv_move_scrollbar {Custom WaveView} {} {sigview.HScrolBar} {159}
wv_move_scrollbar {Custom WaveView} {} {sigview.HScrolBar} {164}
wv_move_scrollbar {Custom WaveView} {} {sigview.HScrolBar} {169}
wv_move_scrollbar {Custom WaveView} {} {sigview.HScrolBar} {173}
wv_move_scrollbar {Custom WaveView} {} {sigview.HScrolBar} {178}
wv_move_scrollbar {Custom WaveView} {} {sigview.HScrolBar} {183}
wv_move_scrollbar {Custom WaveView} {} {sigview.HScrolBar} {188}
wv_move_scrollbar {Custom WaveView} {} {sigview.HScrolBar} {192}
wv_move_scrollbar {Custom WaveView} {} {sigview.HScrolBar} {197}
wv_move_scrollbar {Custom WaveView} {} {sigview.HScrolBar} {206}
wv_move_scrollbar {Custom WaveView} {} {sigview.HScrolBar} {211}
wv_move_scrollbar {Custom WaveView} {} {sigview.HScrolBar} {216}
wv_move_scrollbar {Custom WaveView} {} {sigview.HScrolBar} {220}
wv_move_scrollbar {Custom WaveView} {} {sigview.HScrolBar} {225}
wv_move_scrollbar {Custom WaveView} {} {sigview.HScrolBar} {234}
wv_move_scrollbar {Custom WaveView} {} {sigview.HScrolBar} {239}
wv_move_scrollbar {Custom WaveView} {} {sigview.HScrolBar} {248}
wv_move_scrollbar {Custom WaveView} {} {sigview.HScrolBar} {263}
wv_move_scrollbar {Custom WaveView} {} {sigview.HScrolBar} {267}
wv_move_scrollbar {Custom WaveView} {} {sigview.HScrolBar} {272}
wv_move_scrollbar {Custom WaveView} {} {sigview.HScrolBar} {281}
wv_move_scrollbar {Custom WaveView} {} {sigview.HScrolBar} {291}
wv_move_scrollbar {Custom WaveView} {} {sigview.HScrolBar} {295}
wv_move_scrollbar {Custom WaveView} {} {sigview.HScrolBar} {300}
wv_move_scrollbar {Custom WaveView} {} {sigview.HScrolBar} {305}
wv_move_scrollbar {Custom WaveView} {} {sigview.HScrolBar} {309}
wv_close_window {Custom WaveView} 
wv_select_dialog {Confirmation} 
#wv_press_button {Confirmation} {} {Ok} 
