### Custom WaveView ADV log file, revision T-2022.06 (build May 21, ) ###
### created at 19:56:35 on Mon Oct 17 2022 (Linux AMD64) ###
### Host Name: linux-lab-054.ece.uw.edu   User ID: kegedy   PID: 9222   ###
wv_start_log
# (0) running in waveview only mode
# (0) SW_SX_PERL_LIB defined
# (0) SW_SX_TCL_LIB defined
# (0) HOME defined
sx_open_sim_file_read {q2b_2.tr0}
wv_select_tree_item {Custom WaveView} {} {hierview} {D0:q2b_2.tr0(0)} {0} {+sep=@}
wv_expand_tree_item {Custom WaveView} {} {hierview} {D0:q2b_2.tr0(0)} {+sep=@}
wv_select_tree_item {Custom WaveView} {} {hierview} {D0:q2b_2.tr0(0)@toplevel(0)} {0} {+sep=@}
wv_select_list_item {Custom WaveView} {} {sigview} {vo} 8
wv_drag_list_item {Custom WaveView} {} {sigview} {vo} 8
wv_drag_enter WV1
wv_drop_on WV1
wv_select_list_item {Custom WaveView} {} {sigview} {vi} 7
wv_drag_list_item {Custom WaveView} {} {sigview} {vi} 7
wv_drag_enter WV1
wv_drag_to WV1 4 401
wv_drag_to WV1 73 460
wv_drop_on WV1
wv_select_waveview 1 {waveview 1}
wv_waveview_context_menu WV1.PANEL1:1 1.2357e-09 -0.0689551
wv_select_waveview 1 {waveview 1}
wv_select_menu_item {Custom WaveView} {waveview 1:1} {PanelPopMenu.Dump Screen} 
wv_press_button {SaveScreenDump} {} {SaveToFileBrowse} 
wv_select_list_item {FileDialog} {} {FileList} {q2b_2_plot.png} 12
wv_press_button {FileDialog} {} {Ok} 
wv_press_button {SaveScreenDump} {} {Save} 
wv_press_button {Confirmation} {} {Ok} 
wv_close_window {Custom WaveView} 
wv_select_dialog {Confirmation} 
#wv_press_button {Confirmation} {} {Ok} 
