### Custom WaveView ADV log file, revision T-2022.06 (build May 21, ) ###
### created at 19:15:27 on Fri Oct 14 2022 (Linux AMD64) ###
### Host Name: linux-lab-054.ece.uw.edu   User ID: kegedy   PID: 7266   ###
wv_start_log
# (0) running in waveview only mode
# (0) SW_SX_PERL_LIB defined
# (0) SW_SX_TCL_LIB defined
# (0) HOME defined
sx_open_sim_file_read {q2a_1.sw0}
wv_expand_tree_item {Custom WaveView} {} {hierview} {D0:q2a_1.sw0(0)} {+sep=@}
wv_select_tree_item {Custom WaveView} {} {hierview} {D0:q2a_1.sw0(0)@toplevel(0)} {0} {+sep=@}
wv_select_list_item {Custom WaveView} {} {sigview} {vo} 8
wv_select_list_item {Custom WaveView} {} {sigview} {vo} 8
wv_drag_list_item {Custom WaveView} {} {sigview} {vo} 8
wv_drag_enter WV1
wv_drop_on WV1
wv_select_waveview 1 {waveview 1}
wv_release_wv_item WV1 89 478
wv_release_wv_item WV1 89 478
wv_select_waveview 1 {waveview 1}
wv_waveview_context_menu WV1.TAB
wv_select_waveview 1 {waveview 1}
wv_select_wv_item WV1.PANEL1:1.XAXIS1
wv_dclick_wv_item WV1.PANEL1:1.XAXIS1
wv_select_dialog {AxisAttributesDialog} 
wv_release_wv_item WV1 275 479
wv_close_dialog {AxisAttributesDialog} 
wv_select_window {Custom WaveView} 
wv_select_waveview 1 {waveview 1}
wv_select_panel WV1.PANEL1:1 0.936384 0.843012
wv_drag_item_to WV1 809 149
wv_select_waveview 1 {waveview 1}
wv_waveview_context_menu WV1.PANEL1:1 0.345995 0.875536
wv_select_waveview 1 {waveview 1}
wv_select_menu_item {Custom WaveView} {waveview 1:1} {PanelPopMenu.Attributes...} 
wv_close_dialog {PanelAttributesDialog} 
wv_select_window {Custom WaveView} 
wv_select_waveview 1 {waveview 1}
wv_waveview_context_menu WV1.PANEL1:1 0.604119 0.436468
wv_select_waveview 1 {waveview 1}
wv_select_menu_item {Custom WaveView} {waveview 1:1} {PanelPopMenu.Dump Screen} 
wv_press_button {SaveScreenDump} {} {SaveToFileBrowse} 
wv_set_text {FileDialog} {} {FileName} "q2a_1_plot"
wv_press_button {FileDialog} {} {Ok} 
wv_press_button {SaveScreenDump} {} {Save} 
wv_close_window {Custom WaveView} 
wv_select_dialog {Confirmation} 
#wv_press_button {Confirmation} {} {Ok} 
