 ****** PrimeSim HSPICE -- T-2022.06 linux64 (May 20 2022 7637141) ******
  Copyright (c) 1986 - 2022 by Synopsys, Inc. All Rights Reserved.
  This software and the associated documentation are proprietary
  to Synopsys, Inc. This software may only be used in accordance
  with the terms and conditions of a written license agreement with
  Synopsys, Inc. All other use, reproduction, or distribution of
  this software is strictly prohibited.
  Input File: q1d_1.ctl                                                         
  Command line options: /home/lab.apps/vlsiapps_new/hspice/current/hspice/linux64/hspice q1d_1.ctl -o q1d_1.lis
  Start time: Fri Oct 14 17:20:41 2022
 lic:  
 lic: FLEXlm: SDK_12.10 
 lic: USER:   kegedy               HOSTNAME: linux-lab-054.ece.uw.edu 
 lic: HOSTID: ffffffff9f0a36e0     PID:      2489 
 lic: Using FLEXlm license file: 
 lic: 27008@synopsysls.s.uw.edu 
 lic: Checkout 1 hspice 
 lic: License/Maintenance for hspice will expire on 24-jan-2023/2020.12 
 lic: 7(in_use)/100(total) FLOATING license(s) on SERVER 27008@synopsysls.s.uw.edu 
 lic:   
  **warning** (q1d_1.ckt:22)'.end' can not exist in include/lib files, ignored
  **error** (q1d_1.ckt:7) syntax error at or before "vdrain" 

Syntax reference: 
Syntax
Simple parameter assignment:
.PARAM ParamName=RealNumber
Algebraic parameter assignments:
.PARAM ParamName='AlgebraicExpression'
.PARAM ParamName1=ParamName2
User-defined functions:
.PARAM ParamName(pv1[pv2])='Expression'
predefined analysis functions:
.PARAM FunctionName=Value
Optimized parameter assignment:
.PARAM parameter=OPTxxx (initial_guess, low_limit,
+ upper_limit)
.PARAM parameter=OPTxxx (initial_guess, low_limit,
+ upper_limit, delta)
.PARAM paramname=str('string')



               ***** job aborted
 lic: Release hspice token(s) 
 lic: total license checkout elapse time:        0.05(s)
