### Custom WaveView ADV log file, revision T-2022.06 (build May 21, ) ###
### created at 19:07:00 on Wed Nov  9 2022 (Linux AMD64) ###
### Host Name: linux-lab-054.ece.uw.edu   User ID: kegedy   PID: 27958   ###
wv_start_log
# (0) running in waveview only mode
# (0) SW_SX_PERL_LIB defined
# (0) SW_SX_TCL_LIB defined
# (0) HOME defined
sx_open_sim_file_read {NAND2_balanced.tr0}
wv_expand_tree_item {Custom WaveView} {} {hierview} {D0:NAND2_balanced.tr0(0)} {+sep=@}
wv_select_tree_item {Custom WaveView} {} {hierview} {D0:NAND2_balanced.tr0(0)@toplevel(0)} {0} {+sep=@}
wv_select_list_item {Custom WaveView} {} {sigview} {a} 1
wv_drag_list_item {Custom WaveView} {} {sigview} {a} 1
wv_drag_enter WV1
wv_drop_on WV1
wv_select_list_item {Custom WaveView} {} {sigview} {b} 2
wv_drag_list_item {Custom WaveView} {} {sigview} {b} 2
wv_drag_enter WV1
wv_drag_to WV1 1 170
wv_drop_on WV1
wv_select_list_item {Custom WaveView} {} {sigview} {z} 14
wv_drag_list_item {Custom WaveView} {} {sigview} {z} 14
wv_drag_enter WV1
wv_drag_to WV1 2 416
wv_drag_to WV1 56 460
wv_drop_on WV1
wv_select_waveview 1 {waveview 1}
wv_select_toolbar_item {Custom WaveView} {waveview 1:1} {Zoom In} 
wv_select_waveview 1 {waveview 1}
wv_select_toolbar_item {Custom WaveView} {waveview 1:1} {Full Unzoom} 
wv_select_waveview 1 {waveview 1}
wv_select_panel WV1.PANEL2:1 4.19336e-09 1.23643
wv_drag_item_to WV1 861 243
wv_zoom WV1.PANEL2:1 4.19336e-09 1.23643 5.01716e-09 -0.0784603
wv_press_tool_button {Custom WaveView} {} {WaveformMeasurementTool0} 
wv_select_dialog {MeasurementTool} 
wv_set_radion {MeasurementTool} {} {RiseEdge} 
wv_press_button {MeasurementTool} {} {Apply} 
wv_set_radion {MeasurementTool} {} {FallEdge} 
wv_press_button {MeasurementTool} {} {Apply} 
wv_press_button {MeasurementTool} {} {Close} 
wv_select_waveview 1 {waveview 1}
wv_waveview_context_menu WV1.MEAS1
wv_select_waveview 1 {waveview 1}
wv_select_menu_item {Custom WaveView} {waveview 1:1} {MeterPopMenu.Delete All Measurements} 
wv_press_tool_button {Custom WaveView} {} {WaveformMeasurementTool0} 
wv_select_dialog {MeasurementTool} 
wv_select_combox_item {MeasurementTool} {} {Signal} "z NAND2_balanced.tr0" 2
wv_press_button {MeasurementTool} {} {Apply} 
wv_set_radion {MeasurementTool} {} {RiseEdge} 
wv_press_button {MeasurementTool} {} {Apply} 
wv_press_button {MeasurementTool} {} {Close} 
wv_select_waveview 1 {waveview 1}
wv_select_wv_item WV1.MEAS1
wv_drag_item_to WV1 434 320
wv_move_wv_item WV1.MEAS1 509 332
wv_select_waveview 1 {waveview 1}
wv_select_wv_item WV1.MEAS2
wv_drag_item_to WV1 415 318
wv_move_wv_item WV1.MEAS2 255 327
wv_select_waveview 1 {waveview 1}
wv_select_toolbar_item {Custom WaveView} {waveview 1:1} {Full Unzoom} 
wv_select_waveview 1 {waveview 1}
wv_select_panel WV1.PANEL1:1 3.70709e-09 1.21121
wv_drag_item_to WV1 775 24
wv_zoom WV1.PANEL1:1 3.70709e-09 1.21121 4.61098e-09 -0.128972
wv_select_waveview 1 {waveview 1}
wv_select_wv_item WV1.MEAS1
wv_drag_item_to WV1 977 351
wv_move_wv_item WV1.MEAS1 926 362
wv_press_tool_button {Custom WaveView} {} {WaveformMeasurementTool0} 
wv_select_dialog {MeasurementTool} 
wv_press_button {MeasurementTool} {} {Apply} 
wv_set_radion {MeasurementTool} {} {FallEdge} 
wv_press_button {MeasurementTool} {} {Apply} 
wv_press_button {MeasurementTool} {} {Close} 
wv_select_waveview 1 {waveview 1}
wv_waveview_context_menu WV1.MEAS3
wv_select_waveview 1 {waveview 1}
wv_select_menu_item {Custom WaveView} {waveview 1:1} {MeterPopMenu.Delete Measurement} 
wv_select_waveview 1 {waveview 1}
wv_waveview_context_menu WV1.MEAS3
wv_select_waveview 1 {waveview 1}
wv_select_menu_item {Custom WaveView} {waveview 1:1} {MeterPopMenu.Delete Measurement} 
wv_press_tool_button {Custom WaveView} {} {WaveformMeasurementTool0} 
wv_select_dialog {MeasurementTool} 
wv_press_button {MeasurementTool} {} {Apply} 
wv_set_radion {MeasurementTool} {} {RiseEdge} 
wv_press_button {MeasurementTool} {} {Apply} 
wv_press_button {MeasurementTool} {} {Close} 
wv_select_waveview 1 {waveview 1}
wv_waveview_context_menu WV1.MEAS3
wv_select_waveview 1 {waveview 1}
wv_select_menu_item {Custom WaveView} {waveview 1:1} {MeterPopMenu.Delete Measurement} 
wv_select_waveview 1 {waveview 1}
wv_waveview_context_menu WV1.MEAS3
wv_select_waveview 1 {waveview 1}
wv_select_menu_item {Custom WaveView} {waveview 1:1} {MeterPopMenu.Delete Measurement} 
wv_press_tool_button {Custom WaveView} {} {WaveformMeasurementTool0} 
wv_select_dialog {MeasurementTool} 
wv_select_combox_item {MeasurementTool} {} {Signal} "z NAND2_balanced.tr0" 2
wv_press_button {MeasurementTool} {} {Apply} 
wv_press_button {MeasurementTool} {} {Apply} 
wv_set_radion {MeasurementTool} {} {FallEdge} 
wv_press_button {MeasurementTool} {} {Apply} 
wv_press_button {MeasurementTool} {} {Ok} 
wv_select_window {Custom WaveView} 
wv_select_waveview 1 {waveview 1}
wv_select_wv_item WV1.MEAS3
wv_drag_item_to WV1 427 324
wv_move_wv_item WV1.MEAS3 244 341
wv_select_waveview 1 {waveview 1}
wv_select_wv_item WV1.MEAS4
wv_drag_item_to WV1 432 317
wv_move_wv_item WV1.MEAS4 230 327
wv_select_waveview 1 {waveview 1}
wv_select_wv_item WV1.MEAS5
wv_drag_item_to WV1 419 318
wv_move_wv_item WV1.MEAS5 450 338
wv_select_waveview 1 {waveview 1}
wv_waveview_context_menu WV1.MEAS3
wv_select_waveview 1 {waveview 1}
wv_select_menu_item {Custom WaveView} {waveview 1:1} {MeterPopMenu.Delete Measurement} 
wv_select_waveview 1 {waveview 1}
wv_waveview_context_menu WV1.MEAS5
wv_select_waveview 1 {waveview 1}
wv_select_menu_item {Custom WaveView} {waveview 1:1} {MeterPopMenu.Delete Measurement} 
wv_select_waveview 1 {waveview 1}
wv_select_wv_item WV1.MEAS1
wv_drag_item_to WV1 957 383
wv_move_wv_item WV1.MEAS1 926 316
wv_select_waveview 1 {waveview 1}
wv_select_wv_item WV1.MEAS2
wv_drag_item_to WV1 739 349
wv_move_wv_item WV1.MEAS2 700 317
wv_select_waveview 1 {waveview 1}
wv_select_wv_item WV1.MEAS1
wv_drag_item_to WV1 961 333
wv_move_wv_item WV1.MEAS1 949 332
wv_select_waveview 1 {waveview 1}
wv_waveview_context_menu WV1.MEAS2
wv_select_waveview 1 {waveview 1}
wv_select_menu_item {Custom WaveView} {waveview 1:1} {MeterPopMenu.Delete Measurement} 
wv_select_waveview 1 {waveview 1}
wv_waveview_context_menu WV1.MEAS1
wv_select_waveview 1 {waveview 1}
wv_select_menu_item {Custom WaveView} {waveview 1:1} {MeterPopMenu.Delete Measurement} 
wv_press_tool_button {Custom WaveView} {} {DumpScreen0} 
wv_select_dialog {SaveScreenDump} 
wv_press_button {SaveScreenDump} {} {SaveToFileBrowse} 
wv_set_text {FileDialog} {} {FileName} "balanced_rise_fall"
wv_press_button {FileDialog} {} {Ok} 
wv_press_button {SaveScreenDump} {} {Save} 
wv_close_window {Custom WaveView} 
wv_move_window {Confirmation} {} 556 302
wv_move_window {Confirmation} {} 559 331
wv_select_dialog {Confirmation} 
#wv_press_button {Confirmation} {} {Ok} 
