### Custom WaveView ADV log file, revision T-2022.06 (build May 21, ) ###
### created at 19:55:30 on Mon Oct 17 2022 (Linux AMD64) ###
### Host Name: linux-lab-054.ece.uw.edu   User ID: kegedy   PID: 8670   ###
wv_start_log
# (0) running in waveview only mode
# (0) SW_SX_PERL_LIB defined
# (0) SW_SX_TCL_LIB defined
# (0) HOME defined
sx_open_sim_file_read {q2b_q.tr0}
wv_select_window {Custom WaveView} 
wv_press_tool_button {Custom WaveView} {} {OpenWaveform0} 
wv_select_dialog {FileDialog} 
wv_select_list_item {FileDialog} {} {FileList} {q2b_1.tr0} 11
wv_dclick_list_item {FileDialog} {} {FileList} {q2b_1.tr0} 11
wv_expand_tree_item {Custom WaveView} {} {hierview} {D0:q2b_1.tr0(0)} {+sep=@}
wv_select_tree_item {Custom WaveView} {} {hierview} {D0:q2b_1.tr0(0)@toplevel(0)} {0} {+sep=@}
wv_select_list_item {Custom WaveView} {} {sigview} {vo} 8
wv_drag_list_item {Custom WaveView} {} {sigview} {vo} 8
wv_drag_enter WV1
wv_drop_on WV1
wv_close_window {Custom WaveView} 
wv_select_dialog {Confirmation} 
#wv_press_button {Confirmation} {} {Ok} 
