### Custom WaveView ADV log file, revision T-2022.06 (build May 21, ) ###
### created at 20:14:07 on Thu Oct 13 2022 (Linux AMD64) ###
### Host Name: linux-lab-054.ece.uw.edu   User ID: kegedy   PID: 32608   ###
wv_start_log
# (0) running in waveview only mode
# (0) SW_SX_PERL_LIB defined
# (0) SW_SX_TCL_LIB defined
# (0) HOME defined
sx_open_sim_file_read {nmos_inverter.sw0}
wv_expand_tree_item {Custom WaveView} {} {hierview} {D0:nmos_inverter.sw0(0)} {+sep=@}
wv_select_tree_item {Custom WaveView} {} {hierview} {D0:nmos_inverter.sw0(0)@toplevel(0)} {0} {+sep=@}
wv_select_list_item {Custom WaveView} {} {sigview} {v(vdd!)} 3
wv_drag_list_item {Custom WaveView} {} {sigview} {v(vdd!)} 3
wv_drag_enter WV1
wv_drop_on WV1
wv_select_waveview 1 {waveview 1}
wv_select_wv_item WV1.PANEL1:1.LINE1
wv_select_line WV1.PANEL1:1.LINE1
wv_select_waveview 1 {waveview 1}
wv_waveview_context_menu WV1.PANEL1:1.LINE1
wv_select_waveview 1 {waveview 1}
wv_waveview_context_menu WV1.PANEL1:1 0.277346 1.23606
wv_select_waveview 1 {waveview 1}
wv_select_menu_item {Custom WaveView} {waveview 1:1} {PanelPopMenu.Delete} 
wv_press_button {Confirmation} {} {Ok} 
wv_select_list_item {Custom WaveView} {} {sigview} {i(vvdd)} 0
wv_drag_list_item {Custom WaveView} {} {sigview} {i(vvdd)} 0
wv_drag_enter WV1
wv_drop_on WV1
wv_press_tool_button {Custom WaveView} {} {WaveView.About} 
wv_select_window {Custom WaveView} 
wv_close_window {Custom WaveView} 
wv_select_dialog {Confirmation} 
#wv_press_button {Confirmation} {} {Ok} 
