### Custom WaveView ADV log file, revision T-2022.06 (build May 21, ) ###
### created at 19:03:53 on Wed Oct 26 2022 (Linux AMD64) ###
### Host Name: linux-lab-054.ece.uw.edu   User ID: kegedy   PID: 18276   ###
wv_start_log
# (0) running in waveview only mode
# (0) SW_SX_PERL_LIB defined
# (0) SW_SX_TCL_LIB defined
# (0) HOME defined
sx_open_sim_file_read {loaded_inverter.tr0}
wv_expand_tree_item {Custom WaveView} {} {hierview} {D0:loaded_inverter.tr0(0)} {+sep=@}
wv_expand_tree_item {Custom WaveView} {} {hierview} {D0:loaded_inverter.tr0(0)@toplevel(0)} {+sep=@}
wv_collapse_tree_item {Custom WaveView} {} {hierview} {D0:loaded_inverter.tr0(0)@toplevel(0)} {+sep=@}
wv_select_tree_item {Custom WaveView} {} {hierview} {D0:loaded_inverter.tr0(0)@toplevel(0)} {0} {+sep=@}
wv_select_list_item {Custom WaveView} {} {sigview} {vi} 6
wv_drag_list_item {Custom WaveView} {} {sigview} {vi} 6
wv_drag_enter WV1
wv_drop_on WV1
wv_select_list_item {Custom WaveView} {} {sigview} {vo} 7
wv_drag_list_item {Custom WaveView} {} {sigview} {vo} 7
wv_drag_enter WV1
wv_drag_to WV1 9 406
wv_drag_to WV1 64 460
wv_drop_on WV1
wv_press_tool_button {Custom WaveView} {} {WaveformMeasurementTool0} 
wv_select_dialog {MeasurementTool} 
wv_set_radion {MeasurementTool} {} {RiseEdge} 
wv_press_button {MeasurementTool} {} {Apply} 
wv_set_radion {MeasurementTool} {} {FallEdge} 
wv_press_button {MeasurementTool} {} {Apply} 
wv_press_button {MeasurementTool} {} {Close} 
wv_select_waveview 1 {waveview 1}
wv_select_wv_item WV1.MEAS1
wv_drag_item_to WV1 421 101
wv_move_wv_item WV1.MEAS1 424 340
wv_select_waveview 1 {waveview 1}
wv_select_wv_item WV1.MEAS2
wv_drag_item_to WV1 424 95
wv_move_wv_item WV1.MEAS2 475 353
wv_select_waveview 1 {waveview 1}
wv_select_wv_item WV1.MEAS1
wv_drag_item_to WV1 446 361
wv_move_wv_item WV1.MEAS1 419 363
wv_select_waveview 1 {waveview 1}
wv_select_wv_item WV1.MEAS2
wv_drag_item_to WV1 513 373
wv_move_wv_item WV1.MEAS2 488 337
wv_select_waveview 1 {waveview 1}
wv_select_toolbar_item {Custom WaveView} {waveview 1:1} {Full Unzoom} 
wv_select_waveview 1 {waveview 1}
wv_select_panel WV1.PANEL2:1 3.18078e-09 1.21841
wv_drag_item_to WV1 405 245
wv_zoom WV1.PANEL2:1 3.18078e-09 1.21841 4.95423e-09 -0.0954022
wv_select_waveview 1 {waveview 1}
wv_select_wv_item WV1.MEAS1
wv_drag_item_to WV1 218 384
wv_move_wv_item WV1.MEAS1 439 356
wv_select_waveview 1 {waveview 1}
wv_select_wv_item WV1.MEAS2
wv_drag_item_to WV1 580 351
wv_move_wv_item WV1.MEAS2 576 360
wv_waveview_context_menu WV1.TAB
wv_select_waveview 1 {waveview 1}
wv_select_menu_item {Custom WaveView} {waveview 1:1} {WaveViewPopMenu.Dump Screen} 
wv_move_window {SaveScreenDump} {} 625 221
wv_select_dialog {SaveScreenDump} 
wv_press_button {SaveScreenDump} {} {SaveToFileBrowse} 
wv_move_scrollbar {FileDialog} {} {FileList.HScrollBar} {384}
wv_select_list_item {FileDialog} {} {FileList} {risetime_falltime_1.2.png} 21
wv_set_text {FileDialog} {} {FileName} "risetime_falltime_1.2_layout.png"
wv_press_button {FileDialog} {} {Ok} 
wv_press_button {SaveScreenDump} {} {Save} 
wv_select_waveview 1 {waveview 1}
wv_waveview_context_menu WV1.MEAS2
wv_select_waveview 1 {waveview 1}
wv_select_menu_item {Custom WaveView} {waveview 1:1} {MeterPopMenu.Delete All Measurements} 
wv_press_tool_button {Custom WaveView} {} {WaveformMeasurementTool0} 
wv_select_dialog {MeasurementTool} 
wv_select_tree_item {MeasurementTool} {} {TypeList} {General.Difference} {0} {+sep=.}
wv_press_button {MeasurementTool} {} {Apply} 
wv_press_button {MeasurementTool} {} {Ok} 
wv_select_window {Custom WaveView} 
wv_select_waveview 1 {waveview 1}
wv_select_wv_item WV1.MEAS1.ANCHOR1
wv_drag_item_to WV1 423 131
wv_move_wv_item WV1.MEAS1.ANCHOR1 540 130
wv_select_waveview 1 {waveview 1}
wv_select_wv_item WV1.MEAS2.ANCHOR1
wv_drag_item_to WV1 425 132
wv_move_wv_item WV1.MEAS2.ANCHOR1 540 135
wv_waveview_context_menu WV1.TAB
wv_select_waveview 1 {waveview 1}
wv_select_menu_item {Custom WaveView} {waveview 1:1} {WaveViewPopMenu.Dump Screen} 
wv_move_window {SaveScreenDump} {} 625 221
wv_select_dialog {SaveScreenDump} 
wv_move_window {SaveScreenDump} {} 615 223
wv_move_window {SaveScreenDump} {} 613 224
wv_move_window {SaveScreenDump} {} 609 226
wv_move_window {SaveScreenDump} {} 604 227
wv_move_window {SaveScreenDump} {} 599 228
wv_move_window {SaveScreenDump} {} 595 230
wv_move_window {SaveScreenDump} {} 582 233
wv_move_window {SaveScreenDump} {} 579 234
wv_move_window {SaveScreenDump} {} 574 236
wv_move_window {SaveScreenDump} {} 563 239
wv_move_window {SaveScreenDump} {} 544 243
wv_move_window {SaveScreenDump} {} 496 255
wv_move_window {SaveScreenDump} {} 484 257
wv_move_window {SaveScreenDump} {} 479 258
wv_move_window {SaveScreenDump} {} 476 259
wv_move_window {SaveScreenDump} {} 471 260
wv_move_window {SaveScreenDump} {} 464 262
wv_move_window {SaveScreenDump} {} 460 262
wv_move_window {SaveScreenDump} {} 442 267
wv_move_window {SaveScreenDump} {} 430 271
wv_move_window {SaveScreenDump} {} 428 271
wv_move_window {SaveScreenDump} {} 425 272
wv_move_window {SaveScreenDump} {} 421 274
wv_move_window {SaveScreenDump} {} 413 278
wv_move_window {SaveScreenDump} {} 407 284
wv_move_window {SaveScreenDump} {} 402 291
wv_move_window {SaveScreenDump} {} 400 294
wv_move_window {SaveScreenDump} {} 392 306
wv_move_window {SaveScreenDump} {} 391 308
wv_move_window {SaveScreenDump} {} 389 311
wv_move_window {SaveScreenDump} {} 383 321
wv_move_window {SaveScreenDump} {} 381 324
wv_move_window {SaveScreenDump} {} 379 326
wv_move_window {SaveScreenDump} {} 379 327
wv_move_window {SaveScreenDump} {} 378 328
wv_move_window {SaveScreenDump} {} 377 329
wv_move_window {SaveScreenDump} {} 376 331
wv_move_window {SaveScreenDump} {} 375 332
wv_move_window {SaveScreenDump} {} 374 333
wv_move_window {SaveScreenDump} {} 373 337
wv_move_window {SaveScreenDump} {} 372 337
wv_move_window {SaveScreenDump} {} 370 340
wv_move_window {SaveScreenDump} {} 370 342
wv_move_window {SaveScreenDump} {} 369 343
wv_move_window {SaveScreenDump} {} 367 345
wv_move_window {SaveScreenDump} {} 367 346
wv_move_window {SaveScreenDump} {} 367 347
wv_move_window {SaveScreenDump} {} 367 348
wv_move_window {SaveScreenDump} {} 366 348
wv_move_window {SaveScreenDump} {} 366 349
wv_move_window {SaveScreenDump} {} 366 350
wv_move_window {SaveScreenDump} {} 366 351
wv_move_window {SaveScreenDump} {} 366 353
wv_move_window {SaveScreenDump} {} 366 354
wv_move_window {SaveScreenDump} {} 365 357
wv_move_window {SaveScreenDump} {} 364 360
wv_move_window {SaveScreenDump} {} 360 368
wv_move_window {SaveScreenDump} {} 359 369
wv_move_window {SaveScreenDump} {} 358 371
wv_move_window {SaveScreenDump} {} 357 371
wv_move_window {SaveScreenDump} {} 354 376
wv_move_window {SaveScreenDump} {} 352 379
wv_move_window {SaveScreenDump} {} 349 384
wv_move_window {SaveScreenDump} {} 347 387
wv_move_window {SaveScreenDump} {} 346 388
wv_move_window {SaveScreenDump} {} 345 390
wv_move_window {SaveScreenDump} {} 344 391
wv_move_window {SaveScreenDump} {} 343 392
wv_move_window {SaveScreenDump} {} 338 400
wv_move_window {SaveScreenDump} {} 334 404
wv_move_window {SaveScreenDump} {} 332 407
wv_move_window {SaveScreenDump} {} 331 408
wv_move_window {SaveScreenDump} {} 330 410
wv_move_window {SaveScreenDump} {} 329 411
wv_move_window {SaveScreenDump} {} 325 414
wv_move_window {SaveScreenDump} {} 325 415
wv_move_window {SaveScreenDump} {} 321 419
wv_move_window {SaveScreenDump} {} 319 420
wv_move_window {SaveScreenDump} {} 318 423
wv_move_window {SaveScreenDump} {} 317 423
wv_move_window {SaveScreenDump} {} 313 427
wv_move_window {SaveScreenDump} {} 312 427
wv_move_window {SaveScreenDump} {} 311 428
wv_move_window {SaveScreenDump} {} 309 429
wv_move_window {SaveScreenDump} {} 309 430
wv_move_window {SaveScreenDump} {} 308 430
wv_move_window {SaveScreenDump} {} 307 431
wv_move_window {SaveScreenDump} {} 306 432
wv_select_dialog {SaveScreenDump} 
wv_close_dialog {SaveScreenDump} 
wv_select_window {Custom WaveView} 
wv_press_tool_button {Custom WaveView} {} {WaveformMeasurementTool0} 
wv_select_dialog {MeasurementTool} 
wv_press_button {MeasurementTool} {} {Ok} 
wv_select_window {Custom WaveView} 
wv_select_waveview 1 {waveview 1}
wv_select_wv_item WV1.MEAS1.ANCHOR2
wv_drag_item_to WV1 546 352
wv_move_wv_item WV1.MEAS1.ANCHOR2 443 358
wv_select_waveview 1 {waveview 1}
wv_select_wv_item WV1.MEAS2.ANCHOR2
wv_drag_item_to WV1 546 353
wv_move_wv_item WV1.MEAS2.ANCHOR2 430 355
wv_press_tool_button {Custom WaveView} {} {WaveformUndo0} 
wv_press_tool_button {Custom WaveView} {} {WaveformUndo0} 
wv_press_tool_button {Custom WaveView} {} {WaveformUndo0} 
wv_waveview_context_menu WV1.TAB
wv_select_waveview 1 {waveview 1}
wv_select_menu_item {Custom WaveView} {waveview 1:1} {WaveViewPopMenu.Dump Screen} 
wv_press_button {SaveScreenDump} {} {SaveToFileBrowse} 
wv_move_scrollbar {FileDialog} {} {FileList.HScrollBar} {426}
wv_move_scrollbar {FileDialog} {} {FileList.HScrollBar} {330}
wv_select_list_item {FileDialog} {} {FileList} {risedelay_1.2.png} 19
wv_set_text {FileDialog} {} {FileName} "risedelay_1.2_layout.png"
wv_press_button {FileDialog} {} {Ok} 
wv_press_button {SaveScreenDump} {} {Save} 
wv_select_waveview 1 {waveview 1}
wv_waveview_context_menu WV1.MEAS1
wv_select_waveview 1 {waveview 1}
wv_select_menu_item {Custom WaveView} {waveview 1:1} {MeterPopMenu.Delete All Measurements} 
wv_press_tool_button {Custom WaveView} {} {WaveformMeasurementTool0} 
wv_select_dialog {MeasurementTool} 
wv_press_button {MeasurementTool} {} {Ok} 
wv_select_window {Custom WaveView} 
wv_select_waveview 1 {waveview 1}
wv_select_wv_item WV1.MEAS1.ANCHOR2
wv_drag_item_to WV1 546 352
wv_move_wv_item WV1.MEAS1.ANCHOR2 440 349
wv_select_waveview 1 {waveview 1}
wv_select_wv_item WV1.MEAS1
wv_drag_item_to WV1 577 353
wv_move_wv_item WV1.MEAS1 468 344
wv_press_tool_button {Custom WaveView} {} {WaveformUndo0} 
wv_select_waveview 1 {waveview 1}
wv_waveview_context_menu WV1.MEAS1
wv_select_waveview 1 {waveview 1}
wv_select_menu_item {Custom WaveView} {waveview 1:1} {MeterPopMenu.Move Measurement} 
wv_select_waveview 1 {waveview 1}
wv_select_wv_item WV1.MEAS1
wv_move_wv_item WV1.MEAS1 628 375
wv_select_waveview 1 {waveview 1}
wv_waveview_context_menu WV1.MEAS1
wv_select_waveview 1 {waveview 1}
wv_select_menu_item {Custom WaveView} {waveview 1:1} {MeterPopMenu.Move Measurement} 
wv_select_waveview 1 {waveview 1}
wv_select_wv_item WV1.MEAS1
wv_drag_item_to WV1 683 397
wv_move_wv_item WV1.MEAS1 472 358
wv_waveview_context_menu WV1.TAB
wv_select_waveview 1 {waveview 1}
wv_select_menu_item {Custom WaveView} {waveview 1:1} {WaveViewPopMenu.Dump Screen} 
wv_press_button {SaveScreenDump} {} {SaveToFileBrowse} 
wv_select_list_item {FileDialog} {} {FileList} {falldelay_1.2.png} 6
wv_set_text {FileDialog} {} {FileName} "falldelay_1.2_layout.png"
wv_press_button {FileDialog} {} {Ok} 
wv_press_button {SaveScreenDump} {} {Save} 
wv_close_window {Custom WaveView} 
wv_select_dialog {Confirmation} 
#wv_press_button {Confirmation} {} {Ok} 
